
Gurobi 8.1.1 (linux64, Python) logging started Mon 20 Jan 2020 09:09:23 PM CST

Academic license - for non-commercial use only
Warning: Numeric variable name in LP file ('4abz_symport_trans') - often the result
         of a constant term in the left-hand side of a constraint.

Read LP format model from file /tmp/tmpo3y_v5r3.lp
Reading time = 0.00 seconds
: 534 rows, 1302 columns, 5622 nonzeros
Warning: Numeric variable name in LP file ('4abz_symport_trans') - often the result
         of a constant term in the left-hand side of a constraint.

Read LP format model from file /tmp/tmpavys_n74.lp
Reading time = 0.01 seconds
: 534 rows, 1302 columns, 5622 nonzeros
Warning: Numeric variable name in LP file ('4abz_symport_trans') - often the result
         of a constant term in the left-hand side of a constraint.

Read LP format model from file /tmp/tmp0o67ruw9.lp
Reading time = 0.00 seconds
: 534 rows, 1302 columns, 5622 nonzeros
Warning: Numeric variable name in LP file ('4abz_symport_trans') - often the result
         of a constant term in the left-hand side of a constraint.

Read LP format model from file /tmp/tmp_y3qlro1.lp
Reading time = 0.00 seconds
: 534 rows, 1302 columns, 5622 nonzeros
Warning: Numeric variable name in LP file ('4abz_symport_trans') - often the result
         of a constant term in the left-hand side of a constraint.

Read LP format model from file /tmp/tmpbdgm4uh1.lp
Reading time = 0.00 seconds
: 534 rows, 1302 columns, 5622 nonzeros
Warning: Numeric variable name in LP file ('4abz_symport_trans') - often the result
         of a constant term in the left-hand side of a constraint.

Read LP format model from file /tmp/tmpz30kl2jg.lp
Reading time = 0.00 seconds
: 534 rows, 1302 columns, 5622 nonzeros
Warning: Numeric variable name in LP file ('4abz_symport_trans') - often the result
         of a constant term in the left-hand side of a constraint.

Read LP format model from file /tmp/tmpb9qmn_fj.lp
Reading time = 0.01 seconds
: 534 rows, 1302 columns, 5622 nonzeros
Warning: Numeric variable name in LP file ('4abz_symport_trans') - often the result
         of a constant term in the left-hand side of a constraint.

Read LP format model from file /tmp/tmpmppk3754.lp
Reading time = 0.00 seconds
: 534 rows, 1302 columns, 5622 nonzeros
Warning: Numeric variable name in LP file ('4abz_symport_trans') - often the result
         of a constant term in the left-hand side of a constraint.

Read LP format model from file /tmp/tmpyh4yqw1s.lp
Reading time = 0.00 seconds
: 534 rows, 1302 columns, 5622 nonzeros
Warning: Numeric variable name in LP file ('4abz_symport_trans') - often the result
         of a constant term in the left-hand side of a constraint.

Read LP format model from file /tmp/tmp2qhne9kz.lp
Reading time = 0.00 seconds
: 534 rows, 1302 columns, 5622 nonzeros
Warning: Numeric variable name in LP file ('4abz_symport_trans') - often the result
         of a constant term in the left-hand side of a constraint.

Read LP format model from file /tmp/tmp35_qsotf.lp
Reading time = 0.00 seconds
: 534 rows, 1302 columns, 5622 nonzeros
Warning: Numeric variable name in LP file ('4abz_symport_trans') - often the result
         of a constant term in the left-hand side of a constraint.

Read LP format model from file /tmp/tmpvz45_cvg.lp
Reading time = 0.03 seconds
: 534 rows, 1302 columns, 5622 nonzeros
Warning: Numeric variable name in LP file ('4abz_symport_trans') - often the result
         of a constant term in the left-hand side of a constraint.

Read LP format model from file /tmp/tmp15kd6hm9.lp
Reading time = 0.01 seconds
: 534 rows, 1302 columns, 5622 nonzeros
Warning: Numeric variable name in LP file ('4abz_symport_trans') - often the result
         of a constant term in the left-hand side of a constraint.

Read LP format model from file /tmp/tmpn9rhf6yv.lp
Reading time = 0.01 seconds
: 534 rows, 1302 columns, 5622 nonzeros
Warning: Numeric variable name in LP file ('4abz_symport_trans') - often the result
         of a constant term in the left-hand side of a constraint.

Read LP format model from file /tmp/tmpz_8bwpqt.lp
Reading time = 0.01 seconds
: 534 rows, 1302 columns, 5622 nonzeros
Warning: Numeric variable name in LP file ('4abz_symport_trans') - often the result
         of a constant term in the left-hand side of a constraint.

Read LP format model from file /tmp/tmpv0c1mxud.lp
Reading time = 0.01 seconds
: 534 rows, 1302 columns, 5622 nonzeros
Warning: Numeric variable name in LP file ('4abz_symport_trans') - often the result
         of a constant term in the left-hand side of a constraint.

Read LP format model from file /tmp/tmppijvtyyz.lp
Reading time = 0.01 seconds
: 534 rows, 1302 columns, 5622 nonzeros
Warning: Numeric variable name in LP file ('4abz_symport_trans') - often the result
         of a constant term in the left-hand side of a constraint.

Read LP format model from file /tmp/tmpvnlxfgbh.lp
Reading time = 0.01 seconds
: 534 rows, 1302 columns, 5622 nonzeros
Warning: Numeric variable name in LP file ('4abz_symport_trans') - often the result
         of a constant term in the left-hand side of a constraint.

Read LP format model from file /tmp/tmp6_6vw3u5.lp
Reading time = 0.01 seconds
: 534 rows, 1302 columns, 5622 nonzeros
Warning: Numeric variable name in LP file ('4abz_symport_trans') - often the result
         of a constant term in the left-hand side of a constraint.

Read LP format model from file /tmp/tmpaft82css.lp
Reading time = 0.01 seconds
: 534 rows, 1302 columns, 5622 nonzeros
Warning: Numeric variable name in LP file ('4abz_symport_trans') - often the result
         of a constant term in the left-hand side of a constraint.

Read LP format model from file /tmp/tmp6gq531b7.lp
Reading time = 0.01 seconds
: 534 rows, 1302 columns, 5622 nonzeros
Warning: Numeric variable name in LP file ('4abz_symport_trans') - often the result
         of a constant term in the left-hand side of a constraint.

Read LP format model from file /tmp/tmpwzw82jeb.lp
Reading time = 0.01 seconds
: 534 rows, 1302 columns, 5622 nonzeros
Warning: Numeric variable name in LP file ('4abz_symport_trans') - often the result
         of a constant term in the left-hand side of a constraint.

Read LP format model from file /tmp/tmpj8gy9bgi.lp
Reading time = 0.01 seconds
: 534 rows, 1302 columns, 5622 nonzeros
Warning: Numeric variable name in LP file ('4abz_symport_trans') - often the result
         of a constant term in the left-hand side of a constraint.

Read LP format model from file /tmp/tmppxvvbgkf.lp
Reading time = 0.01 seconds
: 534 rows, 1302 columns, 5622 nonzeros
Warning: Numeric variable name in LP file ('4abz_symport_trans') - often the result
         of a constant term in the left-hand side of a constraint.

Read LP format model from file /tmp/tmps6sckxw_.lp
Reading time = 0.01 seconds
: 534 rows, 1302 columns, 5622 nonzeros
Warning: Numeric variable name in LP file ('4abz_symport_trans') - often the result
         of a constant term in the left-hand side of a constraint.

Read LP format model from file /tmp/tmpymwmckfq.lp
Reading time = 0.01 seconds
: 534 rows, 1302 columns, 5622 nonzeros
Warning: Numeric variable name in LP file ('4abz_symport_trans') - often the result
         of a constant term in the left-hand side of a constraint.

Read LP format model from file /tmp/tmpj4ql3q67.lp
Reading time = 0.01 seconds
: 534 rows, 1302 columns, 5622 nonzeros
Warning: Numeric variable name in LP file ('4abz_symport_trans') - often the result
         of a constant term in the left-hand side of a constraint.

Read LP format model from file /tmp/tmpm9rikxhu.lp
Reading time = 0.01 seconds
: 534 rows, 1302 columns, 5622 nonzeros
Warning: Numeric variable name in LP file ('4abz_symport_trans') - often the result
         of a constant term in the left-hand side of a constraint.

Read LP format model from file /tmp/tmpwhc9nu_n.lp
Reading time = 0.01 seconds
: 534 rows, 1302 columns, 5622 nonzeros
Warning: Numeric variable name in LP file ('4abz_symport_trans') - often the result
         of a constant term in the left-hand side of a constraint.

Read LP format model from file /tmp/tmpyhkjej7v.lp
Reading time = 0.01 seconds
: 534 rows, 1302 columns, 5622 nonzeros
Warning: Numeric variable name in LP file ('4abz_symport_trans') - often the result
         of a constant term in the left-hand side of a constraint.

Read LP format model from file /tmp/tmponffrbgp.lp
Reading time = 0.01 seconds
: 534 rows, 1302 columns, 5622 nonzeros
Warning: Numeric variable name in LP file ('4abz_symport_trans') - often the result
         of a constant term in the left-hand side of a constraint.

Read LP format model from file /tmp/tmp27fs98uw.lp
Reading time = 0.01 seconds
: 534 rows, 1302 columns, 5622 nonzeros
Warning: Numeric variable name in LP file ('4abz_symport_trans') - often the result
         of a constant term in the left-hand side of a constraint.

Read LP format model from file /tmp/tmp28fqtgt4.lp
Reading time = 0.01 seconds
: 534 rows, 1302 columns, 5622 nonzeros
Warning: Numeric variable name in LP file ('4abz_symport_trans') - often the result
         of a constant term in the left-hand side of a constraint.

Read LP format model from file /tmp/tmpzdu94_ds.lp
Reading time = 0.01 seconds
: 534 rows, 1302 columns, 5622 nonzeros
Warning: Numeric variable name in LP file ('4abz_symport_trans') - often the result
         of a constant term in the left-hand side of a constraint.

Read LP format model from file /tmp/tmpezt_fccn.lp
Reading time = 0.01 seconds
: 534 rows, 1302 columns, 5622 nonzeros
Warning: Numeric variable name in LP file ('4abz_symport_trans') - often the result
         of a constant term in the left-hand side of a constraint.

Read LP format model from file /tmp/tmplvf91ai6.lp
Reading time = 0.01 seconds
: 534 rows, 1302 columns, 5622 nonzeros
Warning: Numeric variable name in LP file ('4abz_symport_trans') - often the result
         of a constant term in the left-hand side of a constraint.

Read LP format model from file /tmp/tmpfw2pmdrj.lp
Reading time = 0.01 seconds
: 534 rows, 1302 columns, 5622 nonzeros
Warning: Numeric variable name in LP file ('4abz_symport_trans') - often the result
         of a constant term in the left-hand side of a constraint.

Read LP format model from file /tmp/tmpm2_84mqn.lp
Reading time = 0.01 seconds
: 534 rows, 1302 columns, 5622 nonzeros
Warning: Numeric variable name in LP file ('4abz_symport_trans') - often the result
         of a constant term in the left-hand side of a constraint.

Read LP format model from file /tmp/tmph_f7vht3.lp
Reading time = 0.01 seconds
: 534 rows, 1302 columns, 5622 nonzeros
Warning: Numeric variable name in LP file ('4abz_symport_trans') - often the result
         of a constant term in the left-hand side of a constraint.

Read LP format model from file /tmp/tmpv_mufl8q.lp
Reading time = 0.01 seconds
: 534 rows, 1302 columns, 5622 nonzeros
Warning: Numeric variable name in LP file ('4abz_symport_trans') - often the result
         of a constant term in the left-hand side of a constraint.

Read LP format model from file /tmp/tmpgqskgdfm.lp
Reading time = 0.01 seconds
: 534 rows, 1302 columns, 5622 nonzeros
Warning: Numeric variable name in LP file ('4abz_symport_trans') - often the result
         of a constant term in the left-hand side of a constraint.

Read LP format model from file /tmp/tmp1yac5kxv.lp
Reading time = 0.01 seconds
: 534 rows, 1302 columns, 5622 nonzeros
Warning: Numeric variable name in LP file ('4abz_symport_trans') - often the result
         of a constant term in the left-hand side of a constraint.

Read LP format model from file /tmp/tmpmrvqc50n.lp
Reading time = 0.01 seconds
: 534 rows, 1302 columns, 5622 nonzeros
Warning: Numeric variable name in LP file ('4abz_symport_trans') - often the result
         of a constant term in the left-hand side of a constraint.

Read LP format model from file /tmp/tmpjgavkike.lp
Reading time = 0.01 seconds
: 534 rows, 1302 columns, 5622 nonzeros
Warning: Numeric variable name in LP file ('4abz_symport_trans') - often the result
         of a constant term in the left-hand side of a constraint.

Read LP format model from file /tmp/tmpu3gbqwrz.lp
Reading time = 0.01 seconds
: 534 rows, 1302 columns, 5622 nonzeros
Warning: Numeric variable name in LP file ('4abz_symport_trans') - often the result
         of a constant term in the left-hand side of a constraint.

Read LP format model from file /tmp/tmpxmvbp7cc.lp
Reading time = 0.01 seconds
: 534 rows, 1302 columns, 5622 nonzeros
Warning: Numeric variable name in LP file ('4abz_symport_trans') - often the result
         of a constant term in the left-hand side of a constraint.

Read LP format model from file /tmp/tmp5mulqwr6.lp
Reading time = 0.01 seconds
: 534 rows, 1302 columns, 5622 nonzeros
Warning: Numeric variable name in LP file ('4abz_symport_trans') - often the result
         of a constant term in the left-hand side of a constraint.

Read LP format model from file /tmp/tmpb_ag5kw_.lp
Reading time = 0.00 seconds
: 534 rows, 1302 columns, 5622 nonzeros
Warning: Numeric variable name in LP file ('4abz_symport_trans') - often the result
         of a constant term in the left-hand side of a constraint.

Read LP format model from file /tmp/tmpzq2crlqu.lp
Reading time = 0.01 seconds
: 534 rows, 1302 columns, 5622 nonzeros
Warning: Numeric variable name in LP file ('4abz_symport_trans') - often the result
         of a constant term in the left-hand side of a constraint.

Read LP format model from file /tmp/tmp699ieqvr.lp
Reading time = 0.01 seconds
: 534 rows, 1302 columns, 5622 nonzeros
Warning: Numeric variable name in LP file ('4abz_symport_trans') - often the result
         of a constant term in the left-hand side of a constraint.

Read LP format model from file /tmp/tmpn33ym8os.lp
Reading time = 0.01 seconds
: 534 rows, 1302 columns, 5622 nonzeros
Warning: Numeric variable name in LP file ('4abz_symport_trans') - often the result
         of a constant term in the left-hand side of a constraint.

Read LP format model from file /tmp/tmp_79i2dm_.lp
Reading time = 0.00 seconds
: 534 rows, 1302 columns, 5622 nonzeros
Warning: Numeric variable name in LP file ('4abz_symport_trans') - often the result
         of a constant term in the left-hand side of a constraint.

Read LP format model from file /tmp/tmplbp71ams.lp
Reading time = 0.01 seconds
: 534 rows, 1302 columns, 5622 nonzeros
Warning: Numeric variable name in LP file ('4abz_symport_trans') - often the result
         of a constant term in the left-hand side of a constraint.

Read LP format model from file /tmp/tmpdjg_uaek.lp
Reading time = 0.01 seconds
: 534 rows, 1302 columns, 5622 nonzeros
Warning: Numeric variable name in LP file ('4abz_symport_trans') - often the result
         of a constant term in the left-hand side of a constraint.

Read LP format model from file /tmp/tmpwu640bfv.lp
Reading time = 0.01 seconds
: 534 rows, 1302 columns, 5622 nonzeros
Warning: Numeric variable name in LP file ('4abz_symport_trans') - often the result
         of a constant term in the left-hand side of a constraint.

Read LP format model from file /tmp/tmpc60t9829.lp
Reading time = 0.01 seconds
: 534 rows, 1302 columns, 5622 nonzeros
Warning: Numeric variable name in LP file ('4abz_symport_trans') - often the result
         of a constant term in the left-hand side of a constraint.

Read LP format model from file /tmp/tmp7kzbmf3t.lp
Reading time = 0.01 seconds
: 534 rows, 1302 columns, 5622 nonzeros
Warning: Numeric variable name in LP file ('4abz_symport_trans') - often the result
         of a constant term in the left-hand side of a constraint.

Read LP format model from file /tmp/tmpar5hwby5.lp
Reading time = 0.01 seconds
: 534 rows, 1302 columns, 5622 nonzeros
Warning: Numeric variable name in LP file ('4abz_symport_trans') - often the result
         of a constant term in the left-hand side of a constraint.

Read LP format model from file /tmp/tmpiob5mv1n.lp
Reading time = 0.01 seconds
: 534 rows, 1302 columns, 5622 nonzeros
Warning: Numeric variable name in LP file ('4abz_symport_trans') - often the result
         of a constant term in the left-hand side of a constraint.

Read LP format model from file /tmp/tmprluu3dkk.lp
Reading time = 0.01 seconds
: 534 rows, 1302 columns, 5622 nonzeros
Warning: Numeric variable name in LP file ('4abz_symport_trans') - often the result
         of a constant term in the left-hand side of a constraint.

Read LP format model from file /tmp/tmpvd7f5rrl.lp
Reading time = 0.01 seconds
: 534 rows, 1302 columns, 5622 nonzeros
Warning: Numeric variable name in LP file ('4abz_symport_trans') - often the result
         of a constant term in the left-hand side of a constraint.

Read LP format model from file /tmp/tmpffz1e4d1.lp
Reading time = 0.01 seconds
: 534 rows, 1302 columns, 5622 nonzeros
Warning: Numeric variable name in LP file ('4abz_symport_trans') - often the result
         of a constant term in the left-hand side of a constraint.

Read LP format model from file /tmp/tmp18zl37qd.lp
Reading time = 0.00 seconds
: 534 rows, 1302 columns, 5622 nonzeros
Warning: Numeric variable name in LP file ('4abz_symport_trans') - often the result
         of a constant term in the left-hand side of a constraint.

Read LP format model from file /tmp/tmpq2894q1z.lp
Reading time = 0.01 seconds
: 534 rows, 1302 columns, 5622 nonzeros
Warning: Numeric variable name in LP file ('4abz_symport_trans') - often the result
         of a constant term in the left-hand side of a constraint.

Read LP format model from file /tmp/tmpzh8w5jv5.lp
Reading time = 0.00 seconds
: 534 rows, 1302 columns, 5622 nonzeros
Warning: Numeric variable name in LP file ('4abz_symport_trans') - often the result
         of a constant term in the left-hand side of a constraint.

Read LP format model from file /tmp/tmpd50iogl9.lp
Reading time = 0.00 seconds
: 534 rows, 1302 columns, 5622 nonzeros
Warning: Numeric variable name in LP file ('4abz_symport_trans') - often the result
         of a constant term in the left-hand side of a constraint.

Read LP format model from file /tmp/tmphxhx0ask.lp
Reading time = 0.01 seconds
: 534 rows, 1302 columns, 5622 nonzeros
Warning: Numeric variable name in LP file ('4abz_symport_trans') - often the result
         of a constant term in the left-hand side of a constraint.

Read LP format model from file /tmp/tmpp8pii6rx.lp
Reading time = 0.01 seconds
: 534 rows, 1302 columns, 5622 nonzeros
Warning: Numeric variable name in LP file ('4abz_symport_trans') - often the result
         of a constant term in the left-hand side of a constraint.

Read LP format model from file /tmp/tmpzi6a6jrz.lp
Reading time = 0.01 seconds
: 534 rows, 1302 columns, 5622 nonzeros
Warning: Numeric variable name in LP file ('4abz_symport_trans') - often the result
         of a constant term in the left-hand side of a constraint.

Read LP format model from file /tmp/tmpmnr6un6i.lp
Reading time = 0.01 seconds
: 534 rows, 1302 columns, 5622 nonzeros
Warning: Numeric variable name in LP file ('4abz_symport_trans') - often the result
         of a constant term in the left-hand side of a constraint.

Read LP format model from file /tmp/tmpfnmvzexk.lp
Reading time = 0.00 seconds
: 534 rows, 1302 columns, 5622 nonzeros
Warning: Numeric variable name in LP file ('4abz_symport_trans') - often the result
         of a constant term in the left-hand side of a constraint.

Read LP format model from file /tmp/tmpgayxu_e2.lp
Reading time = 0.01 seconds
: 534 rows, 1302 columns, 5622 nonzeros
Warning: Numeric variable name in LP file ('4abz_symport_trans') - often the result
         of a constant term in the left-hand side of a constraint.

Read LP format model from file /tmp/tmpkaf3gmuk.lp
Reading time = 0.01 seconds
: 534 rows, 1302 columns, 5622 nonzeros
Warning: Numeric variable name in LP file ('4abz_symport_trans') - often the result
         of a constant term in the left-hand side of a constraint.

Read LP format model from file /tmp/tmpfwz5zjpz.lp
Reading time = 0.01 seconds
: 534 rows, 1302 columns, 5622 nonzeros
Warning: Numeric variable name in LP file ('4abz_symport_trans') - often the result
         of a constant term in the left-hand side of a constraint.

Read LP format model from file /tmp/tmpqxusoc2u.lp
Reading time = 0.01 seconds
: 534 rows, 1302 columns, 5622 nonzeros
Warning: Numeric variable name in LP file ('4abz_symport_trans') - often the result
         of a constant term in the left-hand side of a constraint.

Read LP format model from file /tmp/tmpv9g5nf6r.lp
Reading time = 0.01 seconds
: 534 rows, 1302 columns, 5622 nonzeros
Warning: Numeric variable name in LP file ('4abz_symport_trans') - often the result
         of a constant term in the left-hand side of a constraint.

Read LP format model from file /tmp/tmp7h2n3ex1.lp
Reading time = 0.01 seconds
: 534 rows, 1302 columns, 5622 nonzeros
Warning: Numeric variable name in LP file ('4abz_symport_trans') - often the result
         of a constant term in the left-hand side of a constraint.

Read LP format model from file /tmp/tmp_nrrc_rh.lp
Reading time = 0.01 seconds
: 534 rows, 1302 columns, 5622 nonzeros
Warning: Numeric variable name in LP file ('4abz_symport_trans') - often the result
         of a constant term in the left-hand side of a constraint.

Read LP format model from file /tmp/tmp3li9rvcu.lp
Reading time = 0.01 seconds
: 534 rows, 1302 columns, 5622 nonzeros
Warning: Numeric variable name in LP file ('4abz_symport_trans') - often the result
         of a constant term in the left-hand side of a constraint.

Read LP format model from file /tmp/tmpp8_gvtn8.lp
Reading time = 0.01 seconds
: 534 rows, 1302 columns, 5622 nonzeros
Warning: Numeric variable name in LP file ('4abz_symport_trans') - often the result
         of a constant term in the left-hand side of a constraint.

Read LP format model from file /tmp/tmp0hiai1xx.lp
Reading time = 0.00 seconds
: 534 rows, 1302 columns, 5622 nonzeros
Warning: Numeric variable name in LP file ('4abz_symport_trans') - often the result
         of a constant term in the left-hand side of a constraint.

Read LP format model from file /tmp/tmp_d6xeyui.lp
Reading time = 0.01 seconds
: 534 rows, 1302 columns, 5622 nonzeros
Warning: Numeric variable name in LP file ('4abz_symport_trans') - often the result
         of a constant term in the left-hand side of a constraint.

Read LP format model from file /tmp/tmpyghnj59x.lp
Reading time = 0.00 seconds
: 534 rows, 1302 columns, 5622 nonzeros
Warning: Numeric variable name in LP file ('4abz_symport_trans') - often the result
         of a constant term in the left-hand side of a constraint.

Read LP format model from file /tmp/tmp4w1xlkgr.lp
Reading time = 0.01 seconds
: 534 rows, 1302 columns, 5622 nonzeros
Warning: Numeric variable name in LP file ('4abz_symport_trans') - often the result
         of a constant term in the left-hand side of a constraint.

Read LP format model from file /tmp/tmp70mnw1g5.lp
Reading time = 0.01 seconds
: 534 rows, 1302 columns, 5622 nonzeros
Warning: Numeric variable name in LP file ('4abz_symport_trans') - often the result
         of a constant term in the left-hand side of a constraint.

Read LP format model from file /tmp/tmpkf2hfnjr.lp
Reading time = 0.01 seconds
: 534 rows, 1302 columns, 5622 nonzeros
Warning: Numeric variable name in LP file ('4abz_symport_trans') - often the result
         of a constant term in the left-hand side of a constraint.

Read LP format model from file /tmp/tmpeey236hp.lp
Reading time = 0.01 seconds
: 534 rows, 1302 columns, 5622 nonzeros
Warning: Numeric variable name in LP file ('4abz_symport_trans') - often the result
         of a constant term in the left-hand side of a constraint.

Read LP format model from file /tmp/tmpf4gnxhfl.lp
Reading time = 0.01 seconds
: 534 rows, 1302 columns, 5622 nonzeros
Warning: Numeric variable name in LP file ('4abz_symport_trans') - often the result
         of a constant term in the left-hand side of a constraint.

Read LP format model from file /tmp/tmpd9eah9mf.lp
Reading time = 0.01 seconds
: 534 rows, 1302 columns, 5622 nonzeros
Warning: Numeric variable name in LP file ('4abz_symport_trans') - often the result
         of a constant term in the left-hand side of a constraint.

Read LP format model from file /tmp/tmpdagt5d0l.lp
Reading time = 0.01 seconds
: 534 rows, 1302 columns, 5622 nonzeros
Warning: Numeric variable name in LP file ('4abz_symport_trans') - often the result
         of a constant term in the left-hand side of a constraint.

Read LP format model from file /tmp/tmp00lm789b.lp
Reading time = 0.01 seconds
: 534 rows, 1302 columns, 5622 nonzeros
Warning: Numeric variable name in LP file ('4abz_symport_trans') - often the result
         of a constant term in the left-hand side of a constraint.

Read LP format model from file /tmp/tmp8t3iqavy.lp
Reading time = 0.01 seconds
: 534 rows, 1302 columns, 5622 nonzeros
Warning: Numeric variable name in LP file ('4abz_symport_trans') - often the result
         of a constant term in the left-hand side of a constraint.

Read LP format model from file /tmp/tmpz35jlkox.lp
Reading time = 0.01 seconds
: 534 rows, 1302 columns, 5622 nonzeros
Warning: Numeric variable name in LP file ('4abz_symport_trans') - often the result
         of a constant term in the left-hand side of a constraint.

Read LP format model from file /tmp/tmp7ljqpt66.lp
Reading time = 0.01 seconds
: 534 rows, 1302 columns, 5622 nonzeros
Warning: Numeric variable name in LP file ('4abz_symport_trans') - often the result
         of a constant term in the left-hand side of a constraint.

Read LP format model from file /tmp/tmptpvu_y2a.lp
Reading time = 0.01 seconds
: 534 rows, 1302 columns, 5622 nonzeros
Warning: Numeric variable name in LP file ('4abz_symport_trans') - often the result
         of a constant term in the left-hand side of a constraint.

Read LP format model from file /tmp/tmp8ks901sa.lp
Reading time = 0.01 seconds
: 534 rows, 1302 columns, 5622 nonzeros
Warning: Numeric variable name in LP file ('4abz_symport_trans') - often the result
         of a constant term in the left-hand side of a constraint.

Read LP format model from file /tmp/tmp1ppluo14.lp
Reading time = 0.01 seconds
: 534 rows, 1302 columns, 5622 nonzeros
Warning: Numeric variable name in LP file ('4abz_symport_trans') - often the result
         of a constant term in the left-hand side of a constraint.

Read LP format model from file /tmp/tmpxd5pxq0y.lp
Reading time = 0.01 seconds
: 534 rows, 1302 columns, 5622 nonzeros
Warning: Numeric variable name in LP file ('4abz_symport_trans') - often the result
         of a constant term in the left-hand side of a constraint.

Read LP format model from file /tmp/tmp_ay_g693.lp
Reading time = 0.01 seconds
: 534 rows, 1302 columns, 5622 nonzeros
Warning: Numeric variable name in LP file ('4abz_symport_trans') - often the result
         of a constant term in the left-hand side of a constraint.

Read LP format model from file /tmp/tmpt9p0ky7i.lp
Reading time = 0.01 seconds
: 534 rows, 1302 columns, 5622 nonzeros
Warning: Numeric variable name in LP file ('4abz_symport_trans') - often the result
         of a constant term in the left-hand side of a constraint.

Read LP format model from file /tmp/tmprvlv01o2.lp
Reading time = 0.01 seconds
: 534 rows, 1302 columns, 5622 nonzeros
Warning: Numeric variable name in LP file ('4abz_symport_trans') - often the result
         of a constant term in the left-hand side of a constraint.

Read LP format model from file /tmp/tmp5gmhnid1.lp
Reading time = 0.01 seconds
: 534 rows, 1302 columns, 5622 nonzeros
Warning: Numeric variable name in LP file ('4abz_symport_trans') - often the result
         of a constant term in the left-hand side of a constraint.

Read LP format model from file /tmp/tmp5kyzs23e.lp
Reading time = 0.01 seconds
: 534 rows, 1302 columns, 5622 nonzeros
Warning: Numeric variable name in LP file ('4abz_symport_trans') - often the result
         of a constant term in the left-hand side of a constraint.

Read LP format model from file /tmp/tmp5h_x7hmk.lp
Reading time = 0.01 seconds
: 534 rows, 1302 columns, 5622 nonzeros
Warning: Numeric variable name in LP file ('4abz_symport_trans') - often the result
         of a constant term in the left-hand side of a constraint.

Read LP format model from file /tmp/tmp3ajmvpuu.lp
Reading time = 0.03 seconds
: 534 rows, 1302 columns, 5622 nonzeros
Warning: Numeric variable name in LP file ('4abz_symport_trans') - often the result
         of a constant term in the left-hand side of a constraint.

Read LP format model from file /tmp/tmp91hh3256.lp
Reading time = 0.01 seconds
: 534 rows, 1302 columns, 5622 nonzeros
Warning: Numeric variable name in LP file ('4abz_symport_trans') - often the result
         of a constant term in the left-hand side of a constraint.

Read LP format model from file /tmp/tmpl6r062fa.lp
Reading time = 0.01 seconds
: 534 rows, 1302 columns, 5622 nonzeros
Warning: Numeric variable name in LP file ('4abz_symport_trans') - often the result
         of a constant term in the left-hand side of a constraint.

Read LP format model from file /tmp/tmpymir3s3v.lp
Reading time = 0.01 seconds
: 534 rows, 1302 columns, 5622 nonzeros
Warning: Numeric variable name in LP file ('4abz_symport_trans') - often the result
         of a constant term in the left-hand side of a constraint.

Read LP format model from file /tmp/tmp250rzvub.lp
Reading time = 0.01 seconds
: 534 rows, 1302 columns, 5622 nonzeros
Warning: Numeric variable name in LP file ('4abz_symport_trans') - often the result
         of a constant term in the left-hand side of a constraint.

Read LP format model from file /tmp/tmpi97zpwid.lp
Reading time = 0.01 seconds
: 534 rows, 1302 columns, 5622 nonzeros
Warning: Numeric variable name in LP file ('4abz_symport_trans') - often the result
         of a constant term in the left-hand side of a constraint.

Read LP format model from file /tmp/tmp9yh7s6op.lp
Reading time = 0.01 seconds
: 534 rows, 1302 columns, 5622 nonzeros
Warning: Numeric variable name in LP file ('4abz_symport_trans') - often the result
         of a constant term in the left-hand side of a constraint.

Read LP format model from file /tmp/tmp4v5fp1wc.lp
Reading time = 0.01 seconds
: 534 rows, 1302 columns, 5622 nonzeros
Warning: Numeric variable name in LP file ('4abz_symport_trans') - often the result
         of a constant term in the left-hand side of a constraint.

Read LP format model from file /tmp/tmpp2i63ydu.lp
Reading time = 0.00 seconds
: 534 rows, 1302 columns, 5622 nonzeros
Warning: Numeric variable name in LP file ('4abz_symport_trans') - often the result
         of a constant term in the left-hand side of a constraint.

Read LP format model from file /tmp/tmpwcyh6ig3.lp
Reading time = 0.01 seconds
: 534 rows, 1302 columns, 5622 nonzeros

Gurobi 8.1.1 (linux64, Python) logging started Mon 20 Jan 2020 09:10:03 PM CST

Academic license - for non-commercial use only
Warning: Numeric variable name in LP file ('4abz_symport_trans') - often the result
         of a constant term in the left-hand side of a constraint.

Read LP format model from file /tmp/tmp580ke9zg.lp
Reading time = 0.00 seconds
: 534 rows, 1302 columns, 5622 nonzeros
Warning: Numeric variable name in LP file ('4abz_symport_trans') - often the result
         of a constant term in the left-hand side of a constraint.

Read LP format model from file /tmp/tmpcsx_qbqb.lp
Reading time = 0.00 seconds
: 534 rows, 1302 columns, 5622 nonzeros
Warning: Numeric variable name in LP file ('4abz_symport_trans') - often the result
         of a constant term in the left-hand side of a constraint.

Read LP format model from file /tmp/tmpctmp126v.lp
Reading time = 0.00 seconds
: 534 rows, 1302 columns, 5622 nonzeros
Warning: Numeric variable name in LP file ('4abz_symport_trans') - often the result
         of a constant term in the left-hand side of a constraint.

Read LP format model from file /tmp/tmplblhc1jz.lp
Reading time = 0.00 seconds
: 534 rows, 1302 columns, 5622 nonzeros
Warning: Numeric variable name in LP file ('4abz_symport_trans') - often the result
         of a constant term in the left-hand side of a constraint.

Read LP format model from file /tmp/tmpx35ol4hc.lp
Reading time = 0.00 seconds
: 534 rows, 1302 columns, 5622 nonzeros
Warning: Numeric variable name in LP file ('4abz_symport_trans') - often the result
         of a constant term in the left-hand side of a constraint.

Read LP format model from file /tmp/tmpn2fm1ush.lp
Reading time = 0.00 seconds
: 534 rows, 1302 columns, 5622 nonzeros
Warning: Numeric variable name in LP file ('4abz_symport_trans') - often the result
         of a constant term in the left-hand side of a constraint.

Read LP format model from file /tmp/tmpfjtl7vbs.lp
Reading time = 0.01 seconds
: 534 rows, 1302 columns, 5622 nonzeros
Warning: Numeric variable name in LP file ('4abz_symport_trans') - often the result
         of a constant term in the left-hand side of a constraint.

Read LP format model from file /tmp/tmp_7el_hj2.lp
Reading time = 0.00 seconds
: 534 rows, 1302 columns, 5622 nonzeros
Warning: Numeric variable name in LP file ('4abz_symport_trans') - often the result
         of a constant term in the left-hand side of a constraint.

Read LP format model from file /tmp/tmpad_pf654.lp
Reading time = 0.00 seconds
: 534 rows, 1302 columns, 5622 nonzeros
Warning: Numeric variable name in LP file ('4abz_symport_trans') - often the result
         of a constant term in the left-hand side of a constraint.

Read LP format model from file /tmp/tmp59p8rlye.lp
Reading time = 0.02 seconds
: 534 rows, 1302 columns, 5622 nonzeros
Warning: Numeric variable name in LP file ('4abz_symport_trans') - often the result
         of a constant term in the left-hand side of a constraint.

Read LP format model from file /tmp/tmpeg6juqak.lp
Reading time = 0.00 seconds
: 534 rows, 1302 columns, 5622 nonzeros
Warning: Numeric variable name in LP file ('4abz_symport_trans') - often the result
         of a constant term in the left-hand side of a constraint.

Read LP format model from file /tmp/tmp7bw6sb1r.lp
Reading time = 0.00 seconds
: 534 rows, 1302 columns, 5622 nonzeros
Warning: Numeric variable name in LP file ('4abz_symport_trans') - often the result
         of a constant term in the left-hand side of a constraint.

Read LP format model from file /tmp/tmp6jvetikf.lp
Reading time = 0.01 seconds
: 534 rows, 1302 columns, 5622 nonzeros
Warning: Numeric variable name in LP file ('4abz_symport_trans') - often the result
         of a constant term in the left-hand side of a constraint.

Read LP format model from file /tmp/tmpft29ya11.lp
Reading time = 0.01 seconds
: 534 rows, 1302 columns, 5622 nonzeros
Warning: Numeric variable name in LP file ('4abz_symport_trans') - often the result
         of a constant term in the left-hand side of a constraint.

Read LP format model from file /tmp/tmp7gr179e5.lp
Reading time = 0.01 seconds
: 534 rows, 1302 columns, 5622 nonzeros
Warning: Numeric variable name in LP file ('4abz_symport_trans') - often the result
         of a constant term in the left-hand side of a constraint.

Read LP format model from file /tmp/tmp1z38kw5u.lp
Reading time = 0.00 seconds
: 534 rows, 1302 columns, 5622 nonzeros
Warning: Numeric variable name in LP file ('4abz_symport_trans') - often the result
         of a constant term in the left-hand side of a constraint.

Read LP format model from file /tmp/tmpqcxf9kx8.lp
Reading time = 0.01 seconds
: 534 rows, 1302 columns, 5622 nonzeros
Warning: Numeric variable name in LP file ('4abz_symport_trans') - often the result
         of a constant term in the left-hand side of a constraint.

Read LP format model from file /tmp/tmpbzbsdldr.lp
Reading time = 0.01 seconds
: 534 rows, 1302 columns, 5622 nonzeros
Warning: Numeric variable name in LP file ('4abz_symport_trans') - often the result
         of a constant term in the left-hand side of a constraint.

Read LP format model from file /tmp/tmprkwm2tfj.lp
Reading time = 0.01 seconds
: 534 rows, 1302 columns, 5622 nonzeros
Warning: Numeric variable name in LP file ('4abz_symport_trans') - often the result
         of a constant term in the left-hand side of a constraint.

Read LP format model from file /tmp/tmp0b87ir_8.lp
Reading time = 0.01 seconds
: 534 rows, 1302 columns, 5622 nonzeros
Warning: Numeric variable name in LP file ('4abz_symport_trans') - often the result
         of a constant term in the left-hand side of a constraint.

Read LP format model from file /tmp/tmpzcvhziu5.lp
Reading time = 0.01 seconds
: 534 rows, 1302 columns, 5622 nonzeros
Warning: Numeric variable name in LP file ('4abz_symport_trans') - often the result
         of a constant term in the left-hand side of a constraint.

Read LP format model from file /tmp/tmph9nil59s.lp
Reading time = 0.01 seconds
: 534 rows, 1302 columns, 5622 nonzeros
Warning: Numeric variable name in LP file ('4abz_symport_trans') - often the result
         of a constant term in the left-hand side of a constraint.

Read LP format model from file /tmp/tmpmt0dxw04.lp
Reading time = 0.01 seconds
: 534 rows, 1302 columns, 5622 nonzeros
Warning: Numeric variable name in LP file ('4abz_symport_trans') - often the result
         of a constant term in the left-hand side of a constraint.

Read LP format model from file /tmp/tmpspuezo0p.lp
Reading time = 0.01 seconds
: 534 rows, 1302 columns, 5622 nonzeros
Warning: Numeric variable name in LP file ('4abz_symport_trans') - often the result
         of a constant term in the left-hand side of a constraint.

Read LP format model from file /tmp/tmpadzqnhyw.lp
Reading time = 0.01 seconds
: 534 rows, 1302 columns, 5622 nonzeros
Warning: Numeric variable name in LP file ('4abz_symport_trans') - often the result
         of a constant term in the left-hand side of a constraint.

Read LP format model from file /tmp/tmpczhbmxv8.lp
Reading time = 0.01 seconds
: 534 rows, 1302 columns, 5622 nonzeros
Warning: Numeric variable name in LP file ('4abz_symport_trans') - often the result
         of a constant term in the left-hand side of a constraint.

Read LP format model from file /tmp/tmpgws9v8ee.lp
Reading time = 0.01 seconds
: 534 rows, 1302 columns, 5622 nonzeros
Warning: Numeric variable name in LP file ('4abz_symport_trans') - often the result
         of a constant term in the left-hand side of a constraint.

Read LP format model from file /tmp/tmpz4ts61ps.lp
Reading time = 0.01 seconds
: 534 rows, 1302 columns, 5622 nonzeros
Warning: Numeric variable name in LP file ('4abz_symport_trans') - often the result
         of a constant term in the left-hand side of a constraint.

Read LP format model from file /tmp/tmpw5qta7xz.lp
Reading time = 0.01 seconds
: 534 rows, 1302 columns, 5622 nonzeros
Warning: Numeric variable name in LP file ('4abz_symport_trans') - often the result
         of a constant term in the left-hand side of a constraint.

Read LP format model from file /tmp/tmpdi92nylt.lp
Reading time = 0.01 seconds
: 534 rows, 1302 columns, 5622 nonzeros
Warning: Numeric variable name in LP file ('4abz_symport_trans') - often the result
         of a constant term in the left-hand side of a constraint.

Read LP format model from file /tmp/tmp3nfuubh5.lp
Reading time = 0.01 seconds
: 534 rows, 1302 columns, 5622 nonzeros
Warning: Numeric variable name in LP file ('4abz_symport_trans') - often the result
         of a constant term in the left-hand side of a constraint.

Read LP format model from file /tmp/tmppz4ltchn.lp
Reading time = 0.01 seconds
: 534 rows, 1302 columns, 5622 nonzeros
Warning: Numeric variable name in LP file ('4abz_symport_trans') - often the result
         of a constant term in the left-hand side of a constraint.

Read LP format model from file /tmp/tmpumnn_17_.lp
Reading time = 0.01 seconds
: 534 rows, 1302 columns, 5622 nonzeros
Warning: Numeric variable name in LP file ('4abz_symport_trans') - often the result
         of a constant term in the left-hand side of a constraint.

Read LP format model from file /tmp/tmpzttbpg69.lp
Reading time = 0.01 seconds
: 534 rows, 1302 columns, 5622 nonzeros
Warning: Numeric variable name in LP file ('4abz_symport_trans') - often the result
         of a constant term in the left-hand side of a constraint.

Read LP format model from file /tmp/tmp_w53o5_5.lp
Reading time = 0.01 seconds
: 534 rows, 1302 columns, 5622 nonzeros
Warning: Numeric variable name in LP file ('4abz_symport_trans') - often the result
         of a constant term in the left-hand side of a constraint.

Read LP format model from file /tmp/tmpo6mqvgmc.lp
Reading time = 0.01 seconds
: 534 rows, 1302 columns, 5622 nonzeros
Warning: Numeric variable name in LP file ('4abz_symport_trans') - often the result
         of a constant term in the left-hand side of a constraint.

Read LP format model from file /tmp/tmp0qwa7a_h.lp
Reading time = 0.01 seconds
: 534 rows, 1302 columns, 5622 nonzeros
Warning: Numeric variable name in LP file ('4abz_symport_trans') - often the result
         of a constant term in the left-hand side of a constraint.

Read LP format model from file /tmp/tmpkyzzsybh.lp
Reading time = 0.01 seconds
: 534 rows, 1302 columns, 5622 nonzeros
Warning: Numeric variable name in LP file ('4abz_symport_trans') - often the result
         of a constant term in the left-hand side of a constraint.

Read LP format model from file /tmp/tmpgqaapdah.lp
Reading time = 0.01 seconds
: 534 rows, 1302 columns, 5622 nonzeros
Warning: Numeric variable name in LP file ('4abz_symport_trans') - often the result
         of a constant term in the left-hand side of a constraint.

Read LP format model from file /tmp/tmpptibx80o.lp
Reading time = 0.01 seconds
: 534 rows, 1302 columns, 5622 nonzeros
Warning: Numeric variable name in LP file ('4abz_symport_trans') - often the result
         of a constant term in the left-hand side of a constraint.

Read LP format model from file /tmp/tmphbvvufby.lp
Reading time = 0.00 seconds
: 534 rows, 1302 columns, 5622 nonzeros
Warning: Numeric variable name in LP file ('4abz_symport_trans') - often the result
         of a constant term in the left-hand side of a constraint.

Read LP format model from file /tmp/tmp47qsw0md.lp
Reading time = 0.01 seconds
: 534 rows, 1302 columns, 5622 nonzeros
Warning: Numeric variable name in LP file ('4abz_symport_trans') - often the result
         of a constant term in the left-hand side of a constraint.

Read LP format model from file /tmp/tmp2z2ol3ub.lp
Reading time = 0.01 seconds
: 534 rows, 1302 columns, 5622 nonzeros
Warning: Numeric variable name in LP file ('4abz_symport_trans') - often the result
         of a constant term in the left-hand side of a constraint.

Read LP format model from file /tmp/tmp83bo5p0h.lp
Reading time = 0.01 seconds
: 534 rows, 1302 columns, 5622 nonzeros
Warning: Numeric variable name in LP file ('4abz_symport_trans') - often the result
         of a constant term in the left-hand side of a constraint.

Read LP format model from file /tmp/tmpstjiq9e9.lp
Reading time = 0.00 seconds
: 534 rows, 1302 columns, 5622 nonzeros
Warning: Numeric variable name in LP file ('4abz_symport_trans') - often the result
         of a constant term in the left-hand side of a constraint.

Read LP format model from file /tmp/tmpwhn1l2du.lp
Reading time = 0.01 seconds
: 534 rows, 1302 columns, 5622 nonzeros
Warning: Numeric variable name in LP file ('4abz_symport_trans') - often the result
         of a constant term in the left-hand side of a constraint.

Read LP format model from file /tmp/tmpynw0dfqn.lp
Reading time = 0.01 seconds
: 534 rows, 1302 columns, 5622 nonzeros
Warning: Numeric variable name in LP file ('4abz_symport_trans') - often the result
         of a constant term in the left-hand side of a constraint.

Read LP format model from file /tmp/tmpsynkze89.lp
Reading time = 0.01 seconds
: 534 rows, 1302 columns, 5622 nonzeros
Warning: Numeric variable name in LP file ('4abz_symport_trans') - often the result
         of a constant term in the left-hand side of a constraint.

Read LP format model from file /tmp/tmpp38w1qlx.lp
Reading time = 0.01 seconds
: 534 rows, 1302 columns, 5622 nonzeros
Warning: Numeric variable name in LP file ('4abz_symport_trans') - often the result
         of a constant term in the left-hand side of a constraint.

Read LP format model from file /tmp/tmp937boqyo.lp
Reading time = 0.01 seconds
: 534 rows, 1302 columns, 5622 nonzeros
Warning: Numeric variable name in LP file ('4abz_symport_trans') - often the result
         of a constant term in the left-hand side of a constraint.

Read LP format model from file /tmp/tmp7gqiz9tq.lp
Reading time = 0.01 seconds
: 534 rows, 1302 columns, 5622 nonzeros
Warning: Numeric variable name in LP file ('4abz_symport_trans') - often the result
         of a constant term in the left-hand side of a constraint.

Read LP format model from file /tmp/tmp0r9e00_k.lp
Reading time = 0.01 seconds
: 534 rows, 1302 columns, 5622 nonzeros
Warning: Numeric variable name in LP file ('4abz_symport_trans') - often the result
         of a constant term in the left-hand side of a constraint.

Read LP format model from file /tmp/tmpezdnpj4c.lp
Reading time = 0.01 seconds
: 534 rows, 1302 columns, 5622 nonzeros
Warning: Numeric variable name in LP file ('4abz_symport_trans') - often the result
         of a constant term in the left-hand side of a constraint.

Read LP format model from file /tmp/tmpdq507woq.lp
Reading time = 0.01 seconds
: 534 rows, 1302 columns, 5622 nonzeros
Warning: Numeric variable name in LP file ('4abz_symport_trans') - often the result
         of a constant term in the left-hand side of a constraint.

Read LP format model from file /tmp/tmpqmp752x2.lp
Reading time = 0.01 seconds
: 534 rows, 1302 columns, 5622 nonzeros
Warning: Numeric variable name in LP file ('4abz_symport_trans') - often the result
         of a constant term in the left-hand side of a constraint.

Read LP format model from file /tmp/tmptkhl6k0z.lp
Reading time = 0.01 seconds
: 534 rows, 1302 columns, 5622 nonzeros
Warning: Numeric variable name in LP file ('4abz_symport_trans') - often the result
         of a constant term in the left-hand side of a constraint.

Read LP format model from file /tmp/tmpj8h9hpd6.lp
Reading time = 0.01 seconds
: 534 rows, 1302 columns, 5622 nonzeros
Warning: Numeric variable name in LP file ('4abz_symport_trans') - often the result
         of a constant term in the left-hand side of a constraint.

Read LP format model from file /tmp/tmpajf4e_rr.lp
Reading time = 0.01 seconds
: 534 rows, 1302 columns, 5622 nonzeros
Warning: Numeric variable name in LP file ('4abz_symport_trans') - often the result
         of a constant term in the left-hand side of a constraint.

Read LP format model from file /tmp/tmpdert8e8j.lp
Reading time = 0.01 seconds
: 534 rows, 1302 columns, 5622 nonzeros
Warning: Numeric variable name in LP file ('4abz_symport_trans') - often the result
         of a constant term in the left-hand side of a constraint.

Read LP format model from file /tmp/tmpiiekk52o.lp
Reading time = 0.01 seconds
: 534 rows, 1302 columns, 5622 nonzeros
Warning: Numeric variable name in LP file ('4abz_symport_trans') - often the result
         of a constant term in the left-hand side of a constraint.

Read LP format model from file /tmp/tmp_457l8iz.lp
Reading time = 0.01 seconds
: 534 rows, 1302 columns, 5622 nonzeros
Warning: Numeric variable name in LP file ('4abz_symport_trans') - often the result
         of a constant term in the left-hand side of a constraint.

Read LP format model from file /tmp/tmpfl9y0x2k.lp
Reading time = 0.01 seconds
: 534 rows, 1302 columns, 5622 nonzeros
Warning: Numeric variable name in LP file ('4abz_symport_trans') - often the result
         of a constant term in the left-hand side of a constraint.

Read LP format model from file /tmp/tmpdxqqiwul.lp
Reading time = 0.01 seconds
: 534 rows, 1302 columns, 5622 nonzeros
Warning: Numeric variable name in LP file ('4abz_symport_trans') - often the result
         of a constant term in the left-hand side of a constraint.

Read LP format model from file /tmp/tmps4c8443m.lp
Reading time = 0.01 seconds
: 534 rows, 1302 columns, 5622 nonzeros
Warning: Numeric variable name in LP file ('4abz_symport_trans') - often the result
         of a constant term in the left-hand side of a constraint.

Read LP format model from file /tmp/tmptgv14r_6.lp
Reading time = 0.01 seconds
: 534 rows, 1302 columns, 5622 nonzeros
Warning: Numeric variable name in LP file ('4abz_symport_trans') - often the result
         of a constant term in the left-hand side of a constraint.

Read LP format model from file /tmp/tmp8tgu5k2h.lp
Reading time = 0.01 seconds
: 534 rows, 1302 columns, 5622 nonzeros
Warning: Numeric variable name in LP file ('4abz_symport_trans') - often the result
         of a constant term in the left-hand side of a constraint.

Read LP format model from file /tmp/tmp133sxx4w.lp
Reading time = 0.01 seconds
: 534 rows, 1302 columns, 5622 nonzeros
Warning: Numeric variable name in LP file ('4abz_symport_trans') - often the result
         of a constant term in the left-hand side of a constraint.

Read LP format model from file /tmp/tmpne9m_oz9.lp
Reading time = 0.01 seconds
: 534 rows, 1302 columns, 5622 nonzeros
Warning: Numeric variable name in LP file ('4abz_symport_trans') - often the result
         of a constant term in the left-hand side of a constraint.

Read LP format model from file /tmp/tmpx8rljvni.lp
Reading time = 0.01 seconds
: 534 rows, 1302 columns, 5622 nonzeros
Warning: Numeric variable name in LP file ('4abz_symport_trans') - often the result
         of a constant term in the left-hand side of a constraint.

Read LP format model from file /tmp/tmp2t0f2j3y.lp
Reading time = 0.01 seconds
: 534 rows, 1302 columns, 5622 nonzeros
Warning: Numeric variable name in LP file ('4abz_symport_trans') - often the result
         of a constant term in the left-hand side of a constraint.

Read LP format model from file /tmp/tmprv68zox_.lp
Reading time = 0.01 seconds
: 534 rows, 1302 columns, 5622 nonzeros
Warning: Numeric variable name in LP file ('4abz_symport_trans') - often the result
         of a constant term in the left-hand side of a constraint.

Read LP format model from file /tmp/tmp19ubhv8j.lp
Reading time = 0.01 seconds
: 534 rows, 1302 columns, 5622 nonzeros
Warning: Numeric variable name in LP file ('4abz_symport_trans') - often the result
         of a constant term in the left-hand side of a constraint.

Read LP format model from file /tmp/tmpobteatbw.lp
Reading time = 0.01 seconds
: 534 rows, 1302 columns, 5622 nonzeros
Warning: Numeric variable name in LP file ('4abz_symport_trans') - often the result
         of a constant term in the left-hand side of a constraint.

Read LP format model from file /tmp/tmpzs72y2n6.lp
Reading time = 0.01 seconds
: 534 rows, 1302 columns, 5622 nonzeros
Warning: Numeric variable name in LP file ('4abz_symport_trans') - often the result
         of a constant term in the left-hand side of a constraint.

Read LP format model from file /tmp/tmpik_ta3u7.lp
Reading time = 0.01 seconds
: 534 rows, 1302 columns, 5622 nonzeros
Warning: Numeric variable name in LP file ('4abz_symport_trans') - often the result
         of a constant term in the left-hand side of a constraint.

Read LP format model from file /tmp/tmp_qu5pe0m.lp
Reading time = 0.01 seconds
: 534 rows, 1302 columns, 5622 nonzeros
Warning: Numeric variable name in LP file ('4abz_symport_trans') - often the result
         of a constant term in the left-hand side of a constraint.

Read LP format model from file /tmp/tmp26fi8wsv.lp
Reading time = 0.01 seconds
: 534 rows, 1302 columns, 5622 nonzeros
Warning: Numeric variable name in LP file ('4abz_symport_trans') - often the result
         of a constant term in the left-hand side of a constraint.

Read LP format model from file /tmp/tmp7aaxm5rp.lp
Reading time = 0.01 seconds
: 534 rows, 1302 columns, 5622 nonzeros
Warning: Numeric variable name in LP file ('4abz_symport_trans') - often the result
         of a constant term in the left-hand side of a constraint.

Read LP format model from file /tmp/tmp9fmugxwn.lp
Reading time = 0.01 seconds
: 534 rows, 1302 columns, 5622 nonzeros
Warning: Numeric variable name in LP file ('4abz_symport_trans') - often the result
         of a constant term in the left-hand side of a constraint.

Read LP format model from file /tmp/tmpp222iv6v.lp
Reading time = 0.00 seconds
: 534 rows, 1302 columns, 5622 nonzeros
Warning: Numeric variable name in LP file ('4abz_symport_trans') - often the result
         of a constant term in the left-hand side of a constraint.

Read LP format model from file /tmp/tmp0lch5_nt.lp
Reading time = 0.00 seconds
: 534 rows, 1302 columns, 5622 nonzeros
Warning: Numeric variable name in LP file ('4abz_symport_trans') - often the result
         of a constant term in the left-hand side of a constraint.

Read LP format model from file /tmp/tmpsni_eb6f.lp
Reading time = 0.01 seconds
: 534 rows, 1302 columns, 5622 nonzeros
Warning: Numeric variable name in LP file ('4abz_symport_trans') - often the result
         of a constant term in the left-hand side of a constraint.

Read LP format model from file /tmp/tmpzxcqahfi.lp
Reading time = 0.01 seconds
: 534 rows, 1302 columns, 5622 nonzeros
Warning: Numeric variable name in LP file ('4abz_symport_trans') - often the result
         of a constant term in the left-hand side of a constraint.

Read LP format model from file /tmp/tmp0nixun79.lp
Reading time = 0.00 seconds
: 534 rows, 1302 columns, 5622 nonzeros
Warning: Numeric variable name in LP file ('4abz_symport_trans') - often the result
         of a constant term in the left-hand side of a constraint.

Read LP format model from file /tmp/tmpx05fr0sq.lp
Reading time = 0.01 seconds
: 534 rows, 1302 columns, 5622 nonzeros
Warning: Numeric variable name in LP file ('4abz_symport_trans') - often the result
         of a constant term in the left-hand side of a constraint.

Read LP format model from file /tmp/tmpddwvzcqy.lp
Reading time = 0.01 seconds
: 534 rows, 1302 columns, 5622 nonzeros
Warning: Numeric variable name in LP file ('4abz_symport_trans') - often the result
         of a constant term in the left-hand side of a constraint.

Read LP format model from file /tmp/tmpbcpdut_9.lp
Reading time = 0.01 seconds
: 534 rows, 1302 columns, 5622 nonzeros
Warning: Numeric variable name in LP file ('4abz_symport_trans') - often the result
         of a constant term in the left-hand side of a constraint.

Read LP format model from file /tmp/tmp67ofkl60.lp
Reading time = 0.01 seconds
: 534 rows, 1302 columns, 5622 nonzeros
Warning: Numeric variable name in LP file ('4abz_symport_trans') - often the result
         of a constant term in the left-hand side of a constraint.

Read LP format model from file /tmp/tmpe7_uc4hm.lp
Reading time = 0.01 seconds
: 534 rows, 1302 columns, 5622 nonzeros
Warning: Numeric variable name in LP file ('4abz_symport_trans') - often the result
         of a constant term in the left-hand side of a constraint.

Read LP format model from file /tmp/tmpy21zbvqg.lp
Reading time = 0.01 seconds
: 534 rows, 1302 columns, 5622 nonzeros
Warning: Numeric variable name in LP file ('4abz_symport_trans') - often the result
         of a constant term in the left-hand side of a constraint.

Read LP format model from file /tmp/tmpmxriuna6.lp
Reading time = 0.01 seconds
: 534 rows, 1302 columns, 5622 nonzeros
Warning: Numeric variable name in LP file ('4abz_symport_trans') - often the result
         of a constant term in the left-hand side of a constraint.

Read LP format model from file /tmp/tmpecfoe1yh.lp
Reading time = 0.01 seconds
: 534 rows, 1302 columns, 5622 nonzeros
Warning: Numeric variable name in LP file ('4abz_symport_trans') - often the result
         of a constant term in the left-hand side of a constraint.

Read LP format model from file /tmp/tmpi03ivinn.lp
Reading time = 0.01 seconds
: 534 rows, 1302 columns, 5622 nonzeros
Warning: Numeric variable name in LP file ('4abz_symport_trans') - often the result
         of a constant term in the left-hand side of a constraint.

Read LP format model from file /tmp/tmpxbnn79b2.lp
Reading time = 0.01 seconds
: 534 rows, 1302 columns, 5622 nonzeros
Warning: Numeric variable name in LP file ('4abz_symport_trans') - often the result
         of a constant term in the left-hand side of a constraint.

Read LP format model from file /tmp/tmp1r3tcq6a.lp
Reading time = 0.01 seconds
: 534 rows, 1302 columns, 5622 nonzeros
Warning: Numeric variable name in LP file ('4abz_symport_trans') - often the result
         of a constant term in the left-hand side of a constraint.

Read LP format model from file /tmp/tmppm6m80le.lp
Reading time = 0.01 seconds
: 534 rows, 1302 columns, 5622 nonzeros
Warning: Numeric variable name in LP file ('4abz_symport_trans') - often the result
         of a constant term in the left-hand side of a constraint.

Read LP format model from file /tmp/tmpzvaaamh7.lp
Reading time = 0.01 seconds
: 534 rows, 1302 columns, 5622 nonzeros
Warning: Numeric variable name in LP file ('4abz_symport_trans') - often the result
         of a constant term in the left-hand side of a constraint.

Read LP format model from file /tmp/tmpuyuyv689.lp
Reading time = 0.01 seconds
: 534 rows, 1302 columns, 5622 nonzeros
Warning: Numeric variable name in LP file ('4abz_symport_trans') - often the result
         of a constant term in the left-hand side of a constraint.

Read LP format model from file /tmp/tmpfo7g93qt.lp
Reading time = 0.01 seconds
: 534 rows, 1302 columns, 5622 nonzeros
Warning: Numeric variable name in LP file ('4abz_symport_trans') - often the result
         of a constant term in the left-hand side of a constraint.

Read LP format model from file /tmp/tmp6so7_m8y.lp
Reading time = 0.01 seconds
: 534 rows, 1302 columns, 5622 nonzeros
Warning: Numeric variable name in LP file ('4abz_symport_trans') - often the result
         of a constant term in the left-hand side of a constraint.

Read LP format model from file /tmp/tmp351e0f9u.lp
Reading time = 0.01 seconds
: 534 rows, 1302 columns, 5622 nonzeros
Warning: Numeric variable name in LP file ('4abz_symport_trans') - often the result
         of a constant term in the left-hand side of a constraint.

Read LP format model from file /tmp/tmp6pvuo549.lp
Reading time = 0.01 seconds
: 534 rows, 1302 columns, 5622 nonzeros
Warning: Numeric variable name in LP file ('4abz_symport_trans') - often the result
         of a constant term in the left-hand side of a constraint.

Read LP format model from file /tmp/tmpdo52v3c5.lp
Reading time = 0.01 seconds
: 534 rows, 1302 columns, 5622 nonzeros
Warning: Numeric variable name in LP file ('4abz_symport_trans') - often the result
         of a constant term in the left-hand side of a constraint.

Read LP format model from file /tmp/tmpf2d6d5_0.lp
Reading time = 0.01 seconds
: 534 rows, 1302 columns, 5622 nonzeros
Warning: Numeric variable name in LP file ('4abz_symport_trans') - often the result
         of a constant term in the left-hand side of a constraint.

Read LP format model from file /tmp/tmpdq2ok7no.lp
Reading time = 0.00 seconds
: 534 rows, 1302 columns, 5622 nonzeros
Warning: Numeric variable name in LP file ('4abz_symport_trans') - often the result
         of a constant term in the left-hand side of a constraint.

Read LP format model from file /tmp/tmpm8q7muzj.lp
Reading time = 0.01 seconds
: 534 rows, 1302 columns, 5622 nonzeros
Warning: Numeric variable name in LP file ('4abz_symport_trans') - often the result
         of a constant term in the left-hand side of a constraint.

Read LP format model from file /tmp/tmp3bn9nro9.lp
Reading time = 0.00 seconds
: 534 rows, 1302 columns, 5622 nonzeros
Warning: Numeric variable name in LP file ('4abz_symport_trans') - often the result
         of a constant term in the left-hand side of a constraint.

Read LP format model from file /tmp/tmp49khc2yw.lp
Reading time = 0.01 seconds
: 534 rows, 1302 columns, 5622 nonzeros
Warning: Numeric variable name in LP file ('4abz_symport_trans') - often the result
         of a constant term in the left-hand side of a constraint.

Read LP format model from file /tmp/tmp6ai9gixr.lp
Reading time = 0.00 seconds
: 534 rows, 1302 columns, 5622 nonzeros
Warning: Numeric variable name in LP file ('4abz_symport_trans') - often the result
         of a constant term in the left-hand side of a constraint.

Read LP format model from file /tmp/tmp8kferhv5.lp
Reading time = 0.00 seconds
: 534 rows, 1302 columns, 5622 nonzeros
Warning: Numeric variable name in LP file ('4abz_symport_trans') - often the result
         of a constant term in the left-hand side of a constraint.

Read LP format model from file /tmp/tmpfhqx6z7b.lp
Reading time = 0.01 seconds
: 534 rows, 1302 columns, 5622 nonzeros
Warning: Numeric variable name in LP file ('4abz_symport_trans') - often the result
         of a constant term in the left-hand side of a constraint.

Read LP format model from file /tmp/tmpv2f2zplv.lp
Reading time = 0.01 seconds
: 534 rows, 1302 columns, 5622 nonzeros
Warning: Numeric variable name in LP file ('4abz_symport_trans') - often the result
         of a constant term in the left-hand side of a constraint.

Read LP format model from file /tmp/tmpvpxc_h9u.lp
Reading time = 0.01 seconds
: 534 rows, 1302 columns, 5622 nonzeros
Warning: Numeric variable name in LP file ('4abz_symport_trans') - often the result
         of a constant term in the left-hand side of a constraint.

Read LP format model from file /tmp/tmphf_z0td3.lp
Reading time = 0.01 seconds
: 534 rows, 1302 columns, 5622 nonzeros

Gurobi 8.1.1 (linux64, Python) logging started Mon 20 Jan 2020 09:10:23 PM CST

Academic license - for non-commercial use only
Warning: Numeric variable name in LP file ('4abz_symport_trans') - often the result
         of a constant term in the left-hand side of a constraint.

Read LP format model from file /tmp/tmp3e0srpjd.lp
Reading time = 0.00 seconds
: 534 rows, 1302 columns, 5622 nonzeros
Warning: Numeric variable name in LP file ('4abz_symport_trans') - often the result
         of a constant term in the left-hand side of a constraint.

Read LP format model from file /tmp/tmp267g6yix.lp
Reading time = 0.00 seconds
: 534 rows, 1302 columns, 5622 nonzeros
Warning: Numeric variable name in LP file ('4abz_symport_trans') - often the result
         of a constant term in the left-hand side of a constraint.

Read LP format model from file /tmp/tmpdz90s25i.lp
Reading time = 0.00 seconds
: 534 rows, 1302 columns, 5622 nonzeros
Warning: Numeric variable name in LP file ('4abz_symport_trans') - often the result
         of a constant term in the left-hand side of a constraint.

Read LP format model from file /tmp/tmpch95n9xe.lp
Reading time = 0.00 seconds
: 534 rows, 1302 columns, 5622 nonzeros
Warning: Numeric variable name in LP file ('4abz_symport_trans') - often the result
         of a constant term in the left-hand side of a constraint.

Read LP format model from file /tmp/tmpchlotbnl.lp
Reading time = 0.00 seconds
: 534 rows, 1302 columns, 5622 nonzeros
Warning: Numeric variable name in LP file ('4abz_symport_trans') - often the result
         of a constant term in the left-hand side of a constraint.

Read LP format model from file /tmp/tmpx3gmkdk_.lp
Reading time = 0.00 seconds
: 534 rows, 1302 columns, 5622 nonzeros
Warning: Numeric variable name in LP file ('4abz_symport_trans') - often the result
         of a constant term in the left-hand side of a constraint.

Read LP format model from file /tmp/tmp5hq3_y7g.lp
Reading time = 0.00 seconds
: 534 rows, 1302 columns, 5622 nonzeros
Warning: Numeric variable name in LP file ('4abz_symport_trans') - often the result
         of a constant term in the left-hand side of a constraint.

Read LP format model from file /tmp/tmpfs6vx7vy.lp
Reading time = 0.00 seconds
: 534 rows, 1302 columns, 5622 nonzeros
Warning: Numeric variable name in LP file ('4abz_symport_trans') - often the result
         of a constant term in the left-hand side of a constraint.

Read LP format model from file /tmp/tmp4oyl4cmz.lp
Reading time = 0.00 seconds
: 534 rows, 1302 columns, 5622 nonzeros
Warning: Numeric variable name in LP file ('4abz_symport_trans') - often the result
         of a constant term in the left-hand side of a constraint.

Read LP format model from file /tmp/tmpukzrydon.lp
Reading time = 0.00 seconds
: 534 rows, 1302 columns, 5622 nonzeros
Warning: Numeric variable name in LP file ('4abz_symport_trans') - often the result
         of a constant term in the left-hand side of a constraint.

Read LP format model from file /tmp/tmppyau_mm2.lp
Warning: Numeric variable name in LP file ('4abz_symport_trans') - often the result
         of a constant term in the left-hand side of a constraint.

Read LP format model from file /tmp/tmpoa4ad4e6.lp
Reading time = 0.01 seconds
Reading time = 0.01 seconds
: 534 rows, 1302 columns, 5622 nonzeros
: 534 rows, 1302 columns, 5622 nonzeros
Warning: Numeric variable name in LP file ('4abz_symport_trans') - often the result
         of a constant term in the left-hand side of a constraint.

Read LP format model from file /tmp/tmpujpgh5qj.lp
Reading time = 0.01 seconds
: 534 rows, 1302 columns, 5622 nonzeros
Warning: Numeric variable name in LP file ('4abz_symport_trans') - often the result
         of a constant term in the left-hand side of a constraint.

Read LP format model from file /tmp/tmpx05puww5.lp
Reading time = 0.00 seconds
: 534 rows, 1302 columns, 5622 nonzeros
Warning: Numeric variable name in LP file ('4abz_symport_trans') - often the result
         of a constant term in the left-hand side of a constraint.

Read LP format model from file /tmp/tmpa9lb9ncf.lp
Reading time = 0.01 seconds
: 534 rows, 1302 columns, 5622 nonzeros
Warning: Numeric variable name in LP file ('4abz_symport_trans') - often the result
         of a constant term in the left-hand side of a constraint.

Read LP format model from file /tmp/tmpetwubh5r.lp
Reading time = 0.01 seconds
: 534 rows, 1302 columns, 5622 nonzeros
Warning: Numeric variable name in LP file ('4abz_symport_trans') - often the result
         of a constant term in the left-hand side of a constraint.

Read LP format model from file /tmp/tmpfqekqbsu.lp
Reading time = 0.01 seconds
: 534 rows, 1302 columns, 5622 nonzeros
Warning: Numeric variable name in LP file ('4abz_symport_trans') - often the result
         of a constant term in the left-hand side of a constraint.

Read LP format model from file /tmp/tmp2ko2dt1k.lp
Reading time = 0.01 seconds
: 534 rows, 1302 columns, 5622 nonzeros
Warning: Numeric variable name in LP file ('4abz_symport_trans') - often the result
         of a constant term in the left-hand side of a constraint.

Read LP format model from file /tmp/tmphewa7i0w.lp
Reading time = 0.02 seconds
: 534 rows, 1302 columns, 5622 nonzeros
Warning: Numeric variable name in LP file ('4abz_symport_trans') - often the result
         of a constant term in the left-hand side of a constraint.

Read LP format model from file /tmp/tmpcninr4r1.lp
Reading time = 0.01 seconds
: 534 rows, 1302 columns, 5622 nonzeros
Warning: Numeric variable name in LP file ('4abz_symport_trans') - often the result
         of a constant term in the left-hand side of a constraint.

Read LP format model from file /tmp/tmp1wdhk832.lp
Reading time = 0.01 seconds
: 534 rows, 1302 columns, 5622 nonzeros
Warning: Numeric variable name in LP file ('4abz_symport_trans') - often the result
         of a constant term in the left-hand side of a constraint.

Read LP format model from file /tmp/tmp0_6h5d69.lp
Reading time = 0.01 seconds
: 534 rows, 1302 columns, 5622 nonzeros
Warning: Numeric variable name in LP file ('4abz_symport_trans') - often the result
         of a constant term in the left-hand side of a constraint.

Read LP format model from file /tmp/tmp40wlow4q.lp
Reading time = 0.01 seconds
: 534 rows, 1302 columns, 5622 nonzeros
Warning: Numeric variable name in LP file ('4abz_symport_trans') - often the result
         of a constant term in the left-hand side of a constraint.

Read LP format model from file /tmp/tmpjkbr2gc7.lp
Reading time = 0.01 seconds
: 534 rows, 1302 columns, 5622 nonzeros
Warning: Numeric variable name in LP file ('4abz_symport_trans') - often the result
         of a constant term in the left-hand side of a constraint.

Read LP format model from file /tmp/tmp2rpsxw5z.lp
Reading time = 0.01 seconds
: 534 rows, 1302 columns, 5622 nonzeros
Warning: Numeric variable name in LP file ('4abz_symport_trans') - often the result
         of a constant term in the left-hand side of a constraint.

Read LP format model from file /tmp/tmpptww1cyk.lp
Reading time = 0.01 seconds
: 534 rows, 1302 columns, 5622 nonzeros
Warning: Numeric variable name in LP file ('4abz_symport_trans') - often the result
         of a constant term in the left-hand side of a constraint.

Read LP format model from file /tmp/tmporyf8vu1.lp
Reading time = 0.01 seconds
: 534 rows, 1302 columns, 5622 nonzeros
Warning: Numeric variable name in LP file ('4abz_symport_trans') - often the result
         of a constant term in the left-hand side of a constraint.

Read LP format model from file /tmp/tmpf34pes2u.lp
Reading time = 0.01 seconds
: 534 rows, 1302 columns, 5622 nonzeros
Warning: Numeric variable name in LP file ('4abz_symport_trans') - often the result
         of a constant term in the left-hand side of a constraint.

Read LP format model from file /tmp/tmp9p0r4e3r.lp
Reading time = 0.01 seconds
: 534 rows, 1302 columns, 5622 nonzeros
Warning: Numeric variable name in LP file ('4abz_symport_trans') - often the result
         of a constant term in the left-hand side of a constraint.

Read LP format model from file /tmp/tmpr462ks0p.lp
Reading time = 0.01 seconds
: 534 rows, 1302 columns, 5622 nonzeros
Warning: Numeric variable name in LP file ('4abz_symport_trans') - often the result
         of a constant term in the left-hand side of a constraint.

Read LP format model from file /tmp/tmpt5pjid2o.lp
Reading time = 0.01 seconds
: 534 rows, 1302 columns, 5622 nonzeros
Warning: Numeric variable name in LP file ('4abz_symport_trans') - often the result
         of a constant term in the left-hand side of a constraint.

Read LP format model from file /tmp/tmpg824r_r7.lp
Reading time = 0.01 seconds
: 534 rows, 1302 columns, 5622 nonzeros
Warning: Numeric variable name in LP file ('4abz_symport_trans') - often the result
         of a constant term in the left-hand side of a constraint.

Read LP format model from file /tmp/tmp0ruggp0m.lp
Reading time = 0.01 seconds
: 534 rows, 1302 columns, 5622 nonzeros
Warning: Numeric variable name in LP file ('4abz_symport_trans') - often the result
         of a constant term in the left-hand side of a constraint.

Read LP format model from file /tmp/tmp9i2bhit4.lp
Reading time = 0.01 seconds
: 534 rows, 1302 columns, 5622 nonzeros
Warning: Numeric variable name in LP file ('4abz_symport_trans') - often the result
         of a constant term in the left-hand side of a constraint.

Read LP format model from file /tmp/tmp3zco8i49.lp
Reading time = 0.01 seconds
: 534 rows, 1302 columns, 5622 nonzeros
Warning: Numeric variable name in LP file ('4abz_symport_trans') - often the result
         of a constant term in the left-hand side of a constraint.

Read LP format model from file /tmp/tmpes5tlrvo.lp
Reading time = 0.01 seconds
: 534 rows, 1302 columns, 5622 nonzeros
Warning: Numeric variable name in LP file ('4abz_symport_trans') - often the result
         of a constant term in the left-hand side of a constraint.

Read LP format model from file /tmp/tmpn_g3f3ot.lp
Reading time = 0.01 seconds
: 534 rows, 1302 columns, 5622 nonzeros
Warning: Numeric variable name in LP file ('4abz_symport_trans') - often the result
         of a constant term in the left-hand side of a constraint.

Read LP format model from file /tmp/tmphjl3zq8o.lp
Reading time = 0.01 seconds
: 534 rows, 1302 columns, 5622 nonzeros
Warning: Numeric variable name in LP file ('4abz_symport_trans') - often the result
         of a constant term in the left-hand side of a constraint.

Read LP format model from file /tmp/tmpigjsirv_.lp
Reading time = 0.01 seconds
: 534 rows, 1302 columns, 5622 nonzeros
Warning: Numeric variable name in LP file ('4abz_symport_trans') - often the result
         of a constant term in the left-hand side of a constraint.

Read LP format model from file /tmp/tmpfct028ie.lp
Reading time = 0.01 seconds
: 534 rows, 1302 columns, 5622 nonzeros
Warning: Numeric variable name in LP file ('4abz_symport_trans') - often the result
         of a constant term in the left-hand side of a constraint.

Read LP format model from file /tmp/tmpia6rjsbn.lp
Reading time = 0.01 seconds
: 534 rows, 1302 columns, 5622 nonzeros
Warning: Numeric variable name in LP file ('4abz_symport_trans') - often the result
         of a constant term in the left-hand side of a constraint.

Read LP format model from file /tmp/tmpybbay4rx.lp
Reading time = 0.01 seconds
: 534 rows, 1302 columns, 5622 nonzeros
Warning: Numeric variable name in LP file ('4abz_symport_trans') - often the result
         of a constant term in the left-hand side of a constraint.

Read LP format model from file /tmp/tmp0o9wtq9c.lp
Reading time = 0.00 seconds
: 534 rows, 1302 columns, 5622 nonzeros
Warning: Numeric variable name in LP file ('4abz_symport_trans') - often the result
         of a constant term in the left-hand side of a constraint.

Read LP format model from file /tmp/tmpcwt_vatb.lp
Reading time = 0.01 seconds
: 534 rows, 1302 columns, 5622 nonzeros
Warning: Numeric variable name in LP file ('4abz_symport_trans') - often the result
         of a constant term in the left-hand side of a constraint.

Read LP format model from file /tmp/tmplo0y4ilu.lp
Reading time = 0.01 seconds
: 534 rows, 1302 columns, 5622 nonzeros
Warning: Numeric variable name in LP file ('4abz_symport_trans') - often the result
         of a constant term in the left-hand side of a constraint.

Read LP format model from file /tmp/tmp0agsz_hu.lp
Reading time = 0.01 seconds
: 534 rows, 1302 columns, 5622 nonzeros
Warning: Numeric variable name in LP file ('4abz_symport_trans') - often the result
         of a constant term in the left-hand side of a constraint.

Read LP format model from file /tmp/tmph7iwa194.lp
Reading time = 0.01 seconds
: 534 rows, 1302 columns, 5622 nonzeros
Warning: Numeric variable name in LP file ('4abz_symport_trans') - often the result
         of a constant term in the left-hand side of a constraint.

Read LP format model from file /tmp/tmp18kvff8k.lp
Reading time = 0.01 seconds
: 534 rows, 1302 columns, 5622 nonzeros
Warning: Numeric variable name in LP file ('4abz_symport_trans') - often the result
         of a constant term in the left-hand side of a constraint.

Read LP format model from file /tmp/tmp6ark3rex.lp
Reading time = 0.01 seconds
: 534 rows, 1302 columns, 5622 nonzeros
Warning: Numeric variable name in LP file ('4abz_symport_trans') - often the result
         of a constant term in the left-hand side of a constraint.

Read LP format model from file /tmp/tmp0v6rfm47.lp
Reading time = 0.01 seconds
: 534 rows, 1302 columns, 5622 nonzeros
Warning: Numeric variable name in LP file ('4abz_symport_trans') - often the result
         of a constant term in the left-hand side of a constraint.

Read LP format model from file /tmp/tmpwmzcor_o.lp
Reading time = 0.01 seconds
: 534 rows, 1302 columns, 5622 nonzeros
Warning: Numeric variable name in LP file ('4abz_symport_trans') - often the result
         of a constant term in the left-hand side of a constraint.

Read LP format model from file /tmp/tmp74ojrktd.lp
Reading time = 0.01 seconds
: 534 rows, 1302 columns, 5622 nonzeros
Warning: Numeric variable name in LP file ('4abz_symport_trans') - often the result
         of a constant term in the left-hand side of a constraint.

Read LP format model from file /tmp/tmpeelzwmgu.lp
Reading time = 0.01 seconds
: 534 rows, 1302 columns, 5622 nonzeros
Warning: Numeric variable name in LP file ('4abz_symport_trans') - often the result
         of a constant term in the left-hand side of a constraint.

Read LP format model from file /tmp/tmpu58e8fr5.lp
Reading time = 0.01 seconds
: 534 rows, 1302 columns, 5622 nonzeros
Warning: Numeric variable name in LP file ('4abz_symport_trans') - often the result
         of a constant term in the left-hand side of a constraint.

Read LP format model from file /tmp/tmpgd9ev5rt.lp
Reading time = 0.01 seconds
: 534 rows, 1302 columns, 5622 nonzeros
Warning: Numeric variable name in LP file ('4abz_symport_trans') - often the result
         of a constant term in the left-hand side of a constraint.

Read LP format model from file /tmp/tmpciq8jkoq.lp
Reading time = 0.01 seconds
: 534 rows, 1302 columns, 5622 nonzeros
Warning: Numeric variable name in LP file ('4abz_symport_trans') - often the result
         of a constant term in the left-hand side of a constraint.

Read LP format model from file /tmp/tmp0xa780fl.lp
Reading time = 0.01 seconds
: 534 rows, 1302 columns, 5622 nonzeros
Warning: Numeric variable name in LP file ('4abz_symport_trans') - often the result
         of a constant term in the left-hand side of a constraint.

Read LP format model from file /tmp/tmp4jz2zdy_.lp
Reading time = 0.01 seconds
: 534 rows, 1302 columns, 5622 nonzeros
Warning: Numeric variable name in LP file ('4abz_symport_trans') - often the result
         of a constant term in the left-hand side of a constraint.

Read LP format model from file /tmp/tmpfx0svasv.lp
Reading time = 0.01 seconds
: 534 rows, 1302 columns, 5622 nonzeros
Warning: Numeric variable name in LP file ('4abz_symport_trans') - often the result
         of a constant term in the left-hand side of a constraint.

Read LP format model from file /tmp/tmpkbah617y.lp
Reading time = 0.01 seconds
: 534 rows, 1302 columns, 5622 nonzeros
Warning: Numeric variable name in LP file ('4abz_symport_trans') - often the result
         of a constant term in the left-hand side of a constraint.

Read LP format model from file /tmp/tmpr9ysi2vx.lp
Reading time = 0.01 seconds
: 534 rows, 1302 columns, 5622 nonzeros
Warning: Numeric variable name in LP file ('4abz_symport_trans') - often the result
         of a constant term in the left-hand side of a constraint.

Read LP format model from file /tmp/tmpe24sr2i3.lp
Reading time = 0.01 seconds
: 534 rows, 1302 columns, 5622 nonzeros
Warning: Numeric variable name in LP file ('4abz_symport_trans') - often the result
         of a constant term in the left-hand side of a constraint.

Read LP format model from file /tmp/tmp7oqkt82p.lp
Reading time = 0.01 seconds
: 534 rows, 1302 columns, 5622 nonzeros
Warning: Numeric variable name in LP file ('4abz_symport_trans') - often the result
         of a constant term in the left-hand side of a constraint.

Read LP format model from file /tmp/tmppiei_qjc.lp
Reading time = 0.01 seconds
: 534 rows, 1302 columns, 5622 nonzeros
Warning: Numeric variable name in LP file ('4abz_symport_trans') - often the result
         of a constant term in the left-hand side of a constraint.

Read LP format model from file /tmp/tmp6aruc7ta.lp
Reading time = 0.01 seconds
: 534 rows, 1302 columns, 5622 nonzeros
Warning: Numeric variable name in LP file ('4abz_symport_trans') - often the result
         of a constant term in the left-hand side of a constraint.

Read LP format model from file /tmp/tmps4i_nf6p.lp
Reading time = 0.01 seconds
: 534 rows, 1302 columns, 5622 nonzeros
Warning: Numeric variable name in LP file ('4abz_symport_trans') - often the result
         of a constant term in the left-hand side of a constraint.

Read LP format model from file /tmp/tmpfco_bzhz.lp
Reading time = 0.01 seconds
: 534 rows, 1302 columns, 5622 nonzeros
Warning: Numeric variable name in LP file ('4abz_symport_trans') - often the result
         of a constant term in the left-hand side of a constraint.

Read LP format model from file /tmp/tmpq6lm7uod.lp
Reading time = 0.01 seconds
: 534 rows, 1302 columns, 5622 nonzeros
Warning: Numeric variable name in LP file ('4abz_symport_trans') - often the result
         of a constant term in the left-hand side of a constraint.

Read LP format model from file /tmp/tmpxxkoofkv.lp
Reading time = 0.00 seconds
: 534 rows, 1302 columns, 5622 nonzeros
Warning: Numeric variable name in LP file ('4abz_symport_trans') - often the result
         of a constant term in the left-hand side of a constraint.

Read LP format model from file /tmp/tmpib6wn2eg.lp
Reading time = 0.01 seconds
: 534 rows, 1302 columns, 5622 nonzeros
Warning: Numeric variable name in LP file ('4abz_symport_trans') - often the result
         of a constant term in the left-hand side of a constraint.

Read LP format model from file /tmp/tmphq425z12.lp
Reading time = 0.01 seconds
: 534 rows, 1302 columns, 5622 nonzeros
Warning: Numeric variable name in LP file ('4abz_symport_trans') - often the result
         of a constant term in the left-hand side of a constraint.

Read LP format model from file /tmp/tmpnmhm2b94.lp
Reading time = 0.01 seconds
: 534 rows, 1302 columns, 5622 nonzeros
Warning: Numeric variable name in LP file ('4abz_symport_trans') - often the result
         of a constant term in the left-hand side of a constraint.

Read LP format model from file /tmp/tmp1tf247ib.lp
Reading time = 0.00 seconds
: 534 rows, 1302 columns, 5622 nonzeros
Warning: Numeric variable name in LP file ('4abz_symport_trans') - often the result
         of a constant term in the left-hand side of a constraint.

Read LP format model from file /tmp/tmpun_zme0t.lp
Reading time = 0.01 seconds
: 534 rows, 1302 columns, 5622 nonzeros
Warning: Numeric variable name in LP file ('4abz_symport_trans') - often the result
         of a constant term in the left-hand side of a constraint.

Read LP format model from file /tmp/tmppqrxxj1l.lp
Reading time = 0.01 seconds
: 534 rows, 1302 columns, 5622 nonzeros
Warning: Numeric variable name in LP file ('4abz_symport_trans') - often the result
         of a constant term in the left-hand side of a constraint.

Read LP format model from file /tmp/tmp3ejqdtfy.lp
Reading time = 0.01 seconds
: 534 rows, 1302 columns, 5622 nonzeros
Warning: Numeric variable name in LP file ('4abz_symport_trans') - often the result
         of a constant term in the left-hand side of a constraint.

Read LP format model from file /tmp/tmpwor1yucq.lp
Reading time = 0.01 seconds
: 534 rows, 1302 columns, 5622 nonzeros
Warning: Numeric variable name in LP file ('4abz_symport_trans') - often the result
         of a constant term in the left-hand side of a constraint.

Read LP format model from file /tmp/tmpkrzf6eja.lp
Reading time = 0.01 seconds
: 534 rows, 1302 columns, 5622 nonzeros
Warning: Numeric variable name in LP file ('4abz_symport_trans') - often the result
         of a constant term in the left-hand side of a constraint.

Read LP format model from file /tmp/tmp6p95ph07.lp
Reading time = 0.01 seconds
: 534 rows, 1302 columns, 5622 nonzeros
Warning: Numeric variable name in LP file ('4abz_symport_trans') - often the result
         of a constant term in the left-hand side of a constraint.

Read LP format model from file /tmp/tmpm_99glaw.lp
Reading time = 0.01 seconds
: 534 rows, 1302 columns, 5622 nonzeros
Warning: Numeric variable name in LP file ('4abz_symport_trans') - often the result
         of a constant term in the left-hand side of a constraint.

Read LP format model from file /tmp/tmpm504vxcz.lp
Reading time = 0.01 seconds
: 534 rows, 1302 columns, 5622 nonzeros
Warning: Numeric variable name in LP file ('4abz_symport_trans') - often the result
         of a constant term in the left-hand side of a constraint.

Read LP format model from file /tmp/tmp55lkp3t4.lp
Reading time = 0.01 seconds
: 534 rows, 1302 columns, 5622 nonzeros
Warning: Numeric variable name in LP file ('4abz_symport_trans') - often the result
         of a constant term in the left-hand side of a constraint.

Read LP format model from file /tmp/tmp2jxyazj7.lp
Reading time = 0.01 seconds
: 534 rows, 1302 columns, 5622 nonzeros
Warning: Numeric variable name in LP file ('4abz_symport_trans') - often the result
         of a constant term in the left-hand side of a constraint.

Read LP format model from file /tmp/tmpn7p24ls0.lp
Reading time = 0.01 seconds
: 534 rows, 1302 columns, 5622 nonzeros
Warning: Numeric variable name in LP file ('4abz_symport_trans') - often the result
         of a constant term in the left-hand side of a constraint.

Read LP format model from file /tmp/tmp87eo2mvs.lp
Reading time = 0.01 seconds
: 534 rows, 1302 columns, 5622 nonzeros
Warning: Numeric variable name in LP file ('4abz_symport_trans') - often the result
         of a constant term in the left-hand side of a constraint.

Read LP format model from file /tmp/tmppjx4g3l9.lp
Reading time = 0.01 seconds
: 534 rows, 1302 columns, 5622 nonzeros
Warning: Numeric variable name in LP file ('4abz_symport_trans') - often the result
         of a constant term in the left-hand side of a constraint.

Read LP format model from file /tmp/tmpkzc19d_a.lp
Reading time = 0.01 seconds
: 534 rows, 1302 columns, 5622 nonzeros
Warning: Numeric variable name in LP file ('4abz_symport_trans') - often the result
         of a constant term in the left-hand side of a constraint.

Read LP format model from file /tmp/tmpqb7qlz4c.lp
Reading time = 0.01 seconds
: 534 rows, 1302 columns, 5622 nonzeros
Warning: Numeric variable name in LP file ('4abz_symport_trans') - often the result
         of a constant term in the left-hand side of a constraint.

Read LP format model from file /tmp/tmpuor786jw.lp
Reading time = 0.01 seconds
: 534 rows, 1302 columns, 5622 nonzeros
Warning: Numeric variable name in LP file ('4abz_symport_trans') - often the result
         of a constant term in the left-hand side of a constraint.

Read LP format model from file /tmp/tmp1b89l9vx.lp
Reading time = 0.01 seconds
: 534 rows, 1302 columns, 5622 nonzeros
Warning: Numeric variable name in LP file ('4abz_symport_trans') - often the result
         of a constant term in the left-hand side of a constraint.

Read LP format model from file /tmp/tmpry779ard.lp
Reading time = 0.00 seconds
: 534 rows, 1302 columns, 5622 nonzeros
Warning: Numeric variable name in LP file ('4abz_symport_trans') - often the result
         of a constant term in the left-hand side of a constraint.

Read LP format model from file /tmp/tmpi9gj2fog.lp
Reading time = 0.01 seconds
: 534 rows, 1302 columns, 5622 nonzeros
Warning: Numeric variable name in LP file ('4abz_symport_trans') - often the result
         of a constant term in the left-hand side of a constraint.

Read LP format model from file /tmp/tmp1ok4nfl7.lp
Reading time = 0.01 seconds
: 534 rows, 1302 columns, 5622 nonzeros
Warning: Numeric variable name in LP file ('4abz_symport_trans') - often the result
         of a constant term in the left-hand side of a constraint.

Read LP format model from file /tmp/tmpcjqdc_2y.lp
Reading time = 0.00 seconds
: 534 rows, 1302 columns, 5622 nonzeros
Warning: Numeric variable name in LP file ('4abz_symport_trans') - often the result
         of a constant term in the left-hand side of a constraint.

Read LP format model from file /tmp/tmpprd2nww0.lp
Reading time = 0.01 seconds
: 534 rows, 1302 columns, 5622 nonzeros
Warning: Numeric variable name in LP file ('4abz_symport_trans') - often the result
         of a constant term in the left-hand side of a constraint.

Read LP format model from file /tmp/tmp3_n859pa.lp
Reading time = 0.01 seconds
: 534 rows, 1302 columns, 5622 nonzeros
Warning: Numeric variable name in LP file ('4abz_symport_trans') - often the result
         of a constant term in the left-hand side of a constraint.

Read LP format model from file /tmp/tmp_3ye72zn.lp
Reading time = 0.01 seconds
: 534 rows, 1302 columns, 5622 nonzeros
Warning: Numeric variable name in LP file ('4abz_symport_trans') - often the result
         of a constant term in the left-hand side of a constraint.

Read LP format model from file /tmp/tmp17yn6hjz.lp
Reading time = 0.01 seconds
: 534 rows, 1302 columns, 5622 nonzeros
Warning: Numeric variable name in LP file ('4abz_symport_trans') - often the result
         of a constant term in the left-hand side of a constraint.

Read LP format model from file /tmp/tmpndxjrqrc.lp
Reading time = 0.01 seconds
: 534 rows, 1302 columns, 5622 nonzeros
Warning: Numeric variable name in LP file ('4abz_symport_trans') - often the result
         of a constant term in the left-hand side of a constraint.

Read LP format model from file /tmp/tmprmd_n7yb.lp
Reading time = 0.01 seconds
: 534 rows, 1302 columns, 5622 nonzeros
Warning: Numeric variable name in LP file ('4abz_symport_trans') - often the result
         of a constant term in the left-hand side of a constraint.

Read LP format model from file /tmp/tmp1bh18rdy.lp
Reading time = 0.01 seconds
: 534 rows, 1302 columns, 5622 nonzeros
Warning: Numeric variable name in LP file ('4abz_symport_trans') - often the result
         of a constant term in the left-hand side of a constraint.

Read LP format model from file /tmp/tmp9t68bgmj.lp
Reading time = 0.01 seconds
: 534 rows, 1302 columns, 5622 nonzeros
Warning: Numeric variable name in LP file ('4abz_symport_trans') - often the result
         of a constant term in the left-hand side of a constraint.

Read LP format model from file /tmp/tmpn7tfmgio.lp
Reading time = 0.01 seconds
: 534 rows, 1302 columns, 5622 nonzeros
Warning: Numeric variable name in LP file ('4abz_symport_trans') - often the result
         of a constant term in the left-hand side of a constraint.

Read LP format model from file /tmp/tmpvgmdbskk.lp
Reading time = 0.01 seconds
: 534 rows, 1302 columns, 5622 nonzeros
Warning: Numeric variable name in LP file ('4abz_symport_trans') - often the result
         of a constant term in the left-hand side of a constraint.

Read LP format model from file /tmp/tmpi2oso33q.lp
Reading time = 0.01 seconds
: 534 rows, 1302 columns, 5622 nonzeros
Warning: Numeric variable name in LP file ('4abz_symport_trans') - often the result
         of a constant term in the left-hand side of a constraint.

Read LP format model from file /tmp/tmpl542k31j.lp
Reading time = 0.01 seconds
: 534 rows, 1302 columns, 5622 nonzeros
Warning: Numeric variable name in LP file ('4abz_symport_trans') - often the result
         of a constant term in the left-hand side of a constraint.

Read LP format model from file /tmp/tmpli6g71sv.lp
Reading time = 0.00 seconds
: 534 rows, 1302 columns, 5622 nonzeros
Warning: Numeric variable name in LP file ('4abz_symport_trans') - often the result
         of a constant term in the left-hand side of a constraint.

Read LP format model from file /tmp/tmp5wgiq73g.lp
Reading time = 0.01 seconds
: 534 rows, 1302 columns, 5622 nonzeros
Warning: Numeric variable name in LP file ('4abz_symport_trans') - often the result
         of a constant term in the left-hand side of a constraint.

Read LP format model from file /tmp/tmp65l3wbl2.lp
Reading time = 0.01 seconds
: 534 rows, 1302 columns, 5622 nonzeros
Warning: Numeric variable name in LP file ('4abz_symport_trans') - often the result
         of a constant term in the left-hand side of a constraint.

Read LP format model from file /tmp/tmp7no6p1t2.lp
Reading time = 0.00 seconds
: 534 rows, 1302 columns, 5622 nonzeros
Warning: Numeric variable name in LP file ('4abz_symport_trans') - often the result
         of a constant term in the left-hand side of a constraint.

Read LP format model from file /tmp/tmpql4o8qe9.lp
Reading time = 0.00 seconds
: 534 rows, 1302 columns, 5622 nonzeros
Warning: Numeric variable name in LP file ('4abz_symport_trans') - often the result
         of a constant term in the left-hand side of a constraint.

Read LP format model from file /tmp/tmp6pc2euu8.lp
Reading time = 0.02 seconds
: 534 rows, 1302 columns, 5622 nonzeros
Warning: Numeric variable name in LP file ('4abz_symport_trans') - often the result
         of a constant term in the left-hand side of a constraint.

Read LP format model from file /tmp/tmpodq5j5kp.lp
Reading time = 0.01 seconds
: 534 rows, 1302 columns, 5622 nonzeros
Warning: Numeric variable name in LP file ('4abz_symport_trans') - often the result
         of a constant term in the left-hand side of a constraint.

Read LP format model from file /tmp/tmp8hy48u_r.lp
Reading time = 0.01 seconds
: 534 rows, 1302 columns, 5622 nonzeros

Gurobi 8.1.1 (linux64, Python) logging started Mon 20 Jan 2020 09:10:45 PM CST

Academic license - for non-commercial use only

Gurobi 8.1.1 (linux64, Python) logging started Mon 20 Jan 2020 09:11:22 PM CST

Academic license - for non-commercial use only
